<?xml version="1.0" encoding="UTF-8"?>
<!-- Generated by org.testng.reporters.JUnitReportReporter -->
<testsuite hostname="jsumt-wyf" name="com.jsumt.tyfw.test.TyfwTest" tests="4" failures="0" timestamp="15 Jun 2017 08:29:19 GMT" time="0.959" errors="0">
  <testcase name="selectOrgPeopleByUserNameTest" time="0.041" classname="com.jsumt.tyfw.test.TyfwTest"/>
  <testcase name="selectOsMenuTest" time="0.020" classname="com.jsumt.tyfw.test.TyfwTest"/>
  <testcase name="selectOrgComanysByUserNameTest" time="0.831" classname="com.jsumt.tyfw.test.TyfwTest"/>
  <testcase name="selectOrgDeptByUserNameTest" time="0.067" classname="com.jsumt.tyfw.test.TyfwTest"/>
</testsuite> <!-- com.jsumt.tyfw.test.TyfwTest -->
