<?xml version="1.0" encoding="UTF-8"?>
<!-- Generated by org.testng.reporters.JUnitReportReporter -->
<testsuite hostname="jsumt-wyf" name="com.jsumt.tyfw.test.webServiceTest" tests="1" failures="0" timestamp="5 Jun 2017 02:17:26 GMT" time="117.917" errors="0">
  <testcase name="wsTest" time="117.917" classname="com.jsumt.tyfw.test.webServiceTest"/>
</testsuite> <!-- com.jsumt.tyfw.test.webServiceTest -->
